time="2024-09-25T09:38:34Z" level=warning msg="The \"NODE_ENDPOINT\" variable is not set. Defaulting to a blank string."
 Network epirus-net  Creating
 Network epirus-net  Created
 Container redis  Creating
 Container docker-compose-mongodb-1  Creating
 Container docker-compose-mongodb-1  Created
 Container redis  Created
 Container docker-compose-ingestion-1  Creating
 Container docker-compose-api-1  Creating
 Container docker-compose-api-1  Created
 Container docker-compose-web-1  Creating
 Container docker-compose-ingestion-1  Created
 Container docker-compose-web-1  Created
 Container docker-compose-nginx-1  Creating
 Container docker-compose-nginx-1  Created
 Container redis  Starting
 Container docker-compose-mongodb-1  Starting
 Container redis  Started
 Container docker-compose-mongodb-1  Started
 Container docker-compose-ingestion-1  Starting
 Container docker-compose-api-1  Starting
 Container docker-compose-ingestion-1  Started
 Container docker-compose-api-1  Started
 Container docker-compose-web-1  Starting
 Container docker-compose-web-1  Started
 Container docker-compose-nginx-1  Starting
 Container docker-compose-nginx-1  Started
